  正在验证源
  正在将源远程复制到“192.168.30.128”
  正在验证体系结构
  正在验证体系结构
  正在启动远程生成
  正在编译源:
  BlockQueue.cpp
  C_ThreadPool.c
D:\MiddlewareWithCpp\Middleware\ThreadPool\mutilThread\mutilThread\C_ThreadPool.c(147,60): warning : conversion to ‘long unsigned int’ from ‘int’ may change the sign of the result [-Wsign-conversion]
D:\MiddlewareWithCpp\Middleware\ThreadPool\mutilThread\mutilThread\C_ThreadPool.c(147,60): warning :   147 |     pool->threadIDs = (pthread_t*)malloc(sizeof(pthread_t) * max_);
D:\MiddlewareWithCpp\Middleware\ThreadPool\mutilThread\mutilThread\C_ThreadPool.c(147,60): warning :       |                                                            ^
D:\MiddlewareWithCpp\Middleware\ThreadPool\mutilThread\mutilThread\C_ThreadPool.c(149,50): warning : conversion to ‘long unsigned int’ from ‘int’ may change the sign of the result [-Wsign-conversion]
D:\MiddlewareWithCpp\Middleware\ThreadPool\mutilThread\mutilThread\C_ThreadPool.c(149,50): warning :   149 |     memset(pool->threadIDs, 0, sizeof(pthread_t) * max_);
D:\MiddlewareWithCpp\Middleware\ThreadPool\mutilThread\mutilThread\C_ThreadPool.c(149,50): warning :       |                                                  ^
D:\MiddlewareWithCpp\Middleware\ThreadPool\mutilThread\mutilThread\C_ThreadPool.c(167,46): warning : conversion to ‘long unsigned int’ from ‘int’ may change the sign of the result [-Wsign-conversion]
D:\MiddlewareWithCpp\Middleware\ThreadPool\mutilThread\mutilThread\C_ThreadPool.c(167,46): warning :   167 |     pool->taskQ = (Task*)malloc(sizeof(Task) * qsize_);
D:\MiddlewareWithCpp\Middleware\ThreadPool\mutilThread\mutilThread\C_ThreadPool.c(167,46): warning :       |                                              ^
D:\MiddlewareWithCpp\Middleware\ThreadPool\mutilThread\mutilThread\C_ThreadPool.c(197,5): warning : implicit declaration of function ‘printf’ [-Wimplicit-function-declaration]
D:\MiddlewareWithCpp\Middleware\ThreadPool\mutilThread\mutilThread\C_ThreadPool.c(197,5): warning :   197 |     printf("1================================================\n");
D:\MiddlewareWithCpp\Middleware\ThreadPool\mutilThread\mutilThread\C_ThreadPool.c(197,5): warning :       |     ^~~~~~
D:\MiddlewareWithCpp\Middleware\ThreadPool\mutilThread\mutilThread\C_ThreadPool.c(6,1): message : include ‘<stdio.h>’ or provide a declaration of ‘printf’
D:\MiddlewareWithCpp\Middleware\ThreadPool\mutilThread\mutilThread\C_ThreadPool.c(6,1): message :     5 | #include "C_ThreadPool.h"
D:\MiddlewareWithCpp\Middleware\ThreadPool\mutilThread\mutilThread\C_ThreadPool.c(6,1): message :   +++ |+#include <stdio.h>
D:\MiddlewareWithCpp\Middleware\ThreadPool\mutilThread\mutilThread\C_ThreadPool.c(6,1): message :     6 | #define FIX_MODIFY 2
D:\MiddlewareWithCpp\Middleware\ThreadPool\mutilThread\mutilThread\C_ThreadPool.c(197,5): warning : incompatible implicit declaration of built-in function ‘printf’ [-Wbuiltin-declaration-mismatch]
D:\MiddlewareWithCpp\Middleware\ThreadPool\mutilThread\mutilThread\C_ThreadPool.c(197,5): warning :   197 |     printf("1================================================\n");
D:\MiddlewareWithCpp\Middleware\ThreadPool\mutilThread\mutilThread\C_ThreadPool.c(197,5): warning :       |     ^~~~~~
D:\MiddlewareWithCpp\Middleware\ThreadPool\mutilThread\mutilThread\C_ThreadPool.c(197,5): message : include ‘<stdio.h>’ or provide a declaration of ‘printf’
  main.cpp
D:\MiddlewareWithCpp\Middleware\ThreadPool\mutilThread\mutilThread\MyThreadPool.hpp(30,43): warning : conversion from ‘std::vector<std::thread>::size_type’ {aka ‘long unsigned int’} to ‘int’ may change value [-Wconversion]
D:\MiddlewareWithCpp\Middleware\ThreadPool\mutilThread\mutilThread\MyThreadPool.hpp(30,43): warning :    30 |     int append_size = dynamic_workers.size();
D:\MiddlewareWithCpp\Middleware\ThreadPool\mutilThread\mutilThread\MyThreadPool.hpp(30,43): warning :       |                       ~~~~~~~~~~~~~~~~~~~~^~
D:\MiddlewareWithCpp\Middleware\ThreadPool\mutilThread\mutilThread\MyThreadPool.hpp(34,30): warning : conversion from ‘std::vector<std::thread>::size_type’ {aka ‘long unsigned int’} to ‘int’ may change value [-Wconversion]
D:\MiddlewareWithCpp\Middleware\ThreadPool\mutilThread\mutilThread\MyThreadPool.hpp(34,30): warning :    34 |     int total_size = minsize + dynamic_workers.size();
D:\MiddlewareWithCpp\Middleware\ThreadPool\mutilThread\mutilThread\MyThreadPool.hpp(34,30): warning :       |                      ~~~~~~~~^~~~~~~~~~~~~~~~~~~~~~~~
D:\MiddlewareWithCpp\Middleware\ThreadPool\mutilThread\mutilThread\main.cpp(39,31): warning : catching polymorphic type ‘class std::exception’ by value [-Wcatch-value=]
  MyThreadPool.cpp
D:\MiddlewareWithCpp\Middleware\ThreadPool\mutilThread\mutilThread\MyThreadPool.hpp(30,43): warning : conversion from ‘std::vector<std::thread>::size_type’ {aka ‘long unsigned int’} to ‘int’ may change value [-Wconversion]
D:\MiddlewareWithCpp\Middleware\ThreadPool\mutilThread\mutilThread\MyThreadPool.hpp(30,43): warning :    30 |     int append_size = dynamic_workers.size();
D:\MiddlewareWithCpp\Middleware\ThreadPool\mutilThread\mutilThread\MyThreadPool.hpp(30,43): warning :       |                       ~~~~~~~~~~~~~~~~~~~~^~
D:\MiddlewareWithCpp\Middleware\ThreadPool\mutilThread\mutilThread\MyThreadPool.hpp(34,30): warning : conversion from ‘std::vector<std::thread>::size_type’ {aka ‘long unsigned int’} to ‘int’ may change value [-Wconversion]
D:\MiddlewareWithCpp\Middleware\ThreadPool\mutilThread\mutilThread\MyThreadPool.hpp(34,30): warning :    34 |     int total_size = minsize + dynamic_workers.size();
D:\MiddlewareWithCpp\Middleware\ThreadPool\mutilThread\mutilThread\MyThreadPool.hpp(34,30): warning :       |                      ~~~~~~~~^~~~~~~~~~~~~~~~~~~~~~~~
  正在链接对象
  mutilThread.vcxproj -> D:\MiddlewareWithCpp\Middleware\ThreadPool\mutilThread\mutilThread\bin\x64\Debug\mutilThread.out
